<?xml version="1.0" encoding="UTF-8"?>
<!-- Generated by org.testng.reporters.JUnitReportReporter -->
<testsuite skipped="0" hostname="LAPTOP-T617DD9U" name="NewTest" tests="1" failures="0" timestamp="22 Jun 2019 18:43:02 GMT" time="2.474" errors="0">
  <testcase name="openMyBlog" time="2.474" classname="NewTest"/>
</testsuite> <!-- NewTest -->
