<?xml version="1.0" encoding="UTF-8"?>
<!-- Generated by org.testng.reporters.JUnitReportReporter -->
<testsuite skipped="0" hostname="LAPTOP-T617DD9U" name="test.NewTest" tests="1" failures="0" timestamp="22 Jun 2019 16:48:24 GMT" time="2.284" errors="0">
  <testcase name="openMyBlog" time="2.284" classname="test.NewTest"/>
</testsuite> <!-- test.NewTest -->
